<?xml version="1.0" encoding="UTF-8"?>
<!-- Generated by org.testng.reporters.JUnitReportReporter -->
<testsuite hostname="RootOfEvil.local" name="org.forgerock.audit.impl.AuditServiceImplTest" tests="5" failures="0" timestamp="2 Mar 2015 17:50:10 GMT" time="0.127" errors="0">
  <testcase name="testFilterActivityUnknownAction" time="0.003" classname="org.forgerock.audit.impl.AuditServiceImplTest"/>
  <testcase name="testFilterActivityNone" time="0.002" classname="org.forgerock.audit.impl.AuditServiceImplTest"/>
  <testcase name="testFilterActivityExplicitlyIncluded" time="0.089" classname="org.forgerock.audit.impl.AuditServiceImplTest"/>
  <testcase name="testFilterActivityAllExcluded" time="0.021" classname="org.forgerock.audit.impl.AuditServiceImplTest"/>
  <testcase name="testFilterActivityAuditContext" time="0.012" classname="org.forgerock.audit.impl.AuditServiceImplTest"/>
</testsuite>
