<?xml version="1.0" encoding="UTF-8"?>
<!-- Generated by org.testng.reporters.JUnitReportReporter -->
<testsuite hostname="RootOfEvil.local" name="org.forgerock.audit.impl.AuditLogFilterBuilderTest" tests="13" failures="0" timestamp="2 Mar 2015 17:50:10 GMT" time="0.295" errors="0">
  <testcase name="testCompositeIdentity" time="0.001" classname="org.forgerock.audit.impl.AuditLogFilterBuilderTest"/>
  <testcase name="testCompositeIdentity" time="0.001" classname="org.forgerock.audit.impl.AuditLogFilterBuilderTest"/>
  <testcase name="testActivityActionFilter" time="0.254" classname="org.forgerock.audit.impl.AuditLogFilterBuilderTest"/>
  <testcase name="testFieldFilterDuplicate" time="0.001" classname="org.forgerock.audit.impl.AuditLogFilterBuilderTest"/>
  <testcase name="testCompositeIdentity" time="0.001" classname="org.forgerock.audit.impl.AuditLogFilterBuilderTest"/>
  <testcase name="testActivityActionFilterWithNonRequestTypeAction" time="0.001" classname="org.forgerock.audit.impl.AuditLogFilterBuilderTest"/>
  <testcase name="testFieldFilter" time="0.003" classname="org.forgerock.audit.impl.AuditLogFilterBuilderTest"/>
  <testcase name="testCompositeIdentity" time="0.001" classname="org.forgerock.audit.impl.AuditLogFilterBuilderTest"/>
  <testcase name="testCompositeIdentity" time="0.001" classname="org.forgerock.audit.impl.AuditLogFilterBuilderTest"/>
  <testcase name="testCompositeIdentity" time="0.001" classname="org.forgerock.audit.impl.AuditLogFilterBuilderTest"/>
  <testcase name="testCompositeIdentity" time="0.000" classname="org.forgerock.audit.impl.AuditLogFilterBuilderTest"/>
  <testcase name="testGetByGlob" time="0.004" classname="org.forgerock.audit.impl.AuditLogFilterBuilderTest"/>
  <testcase name="testCompositeIdentity" time="0.026" classname="org.forgerock.audit.impl.AuditLogFilterBuilderTest"/>
</testsuite>
