<?xml version="1.0" encoding="UTF-8"?>
<!-- Generated by org.testng.reporters.JUnitReportReporter -->
<testsuite hostname="RootOfEvil.local" name="org.forgerock.audit.impl.RouterAuditLoggerTest" tests="12" failures="0" timestamp="2 Mar 2015 17:50:10 GMT" time="0.044" errors="0">
  <testcase name="testReadMultipleEntries" time="0.001" classname="org.forgerock.audit.impl.RouterAuditLoggerTest"/>
  <testcase name="testReadMultipleEntries" time="0.001" classname="org.forgerock.audit.impl.RouterAuditLoggerTest"/>
  <testcase name="testReadSingleEntry" time="0.001" classname="org.forgerock.audit.impl.RouterAuditLoggerTest"/>
  <testcase name="testReadSingleEntry" time="0.001" classname="org.forgerock.audit.impl.RouterAuditLoggerTest"/>
  <testcase name="testReadSingleEntry" time="0.001" classname="org.forgerock.audit.impl.RouterAuditLoggerTest"/>
  <testcase name="testReadSingleEntry" time="0.001" classname="org.forgerock.audit.impl.RouterAuditLoggerTest"/>
  <testcase name="testCreateEntry" time="0.015" classname="org.forgerock.audit.impl.RouterAuditLoggerTest"/>
  <testcase name="testCreateEntry" time="0.004" classname="org.forgerock.audit.impl.RouterAuditLoggerTest"/>
  <testcase name="testCreateEntry" time="0.012" classname="org.forgerock.audit.impl.RouterAuditLoggerTest"/>
  <testcase name="testReadMultipleEntries" time="0.000" classname="org.forgerock.audit.impl.RouterAuditLoggerTest"/>
  <testcase name="testReadMultipleEntries" time="0.001" classname="org.forgerock.audit.impl.RouterAuditLoggerTest"/>
  <testcase name="testCreateEntry" time="0.006" classname="org.forgerock.audit.impl.RouterAuditLoggerTest"/>
</testsuite>
